Determining if the pthread_create exist failed with the following output:
Change Dir: /home/ernest/Documents/Universita/Terzo_anno/LAB IAGI/Progetto_finale_LABIAGI/Progetto_LAB_IAGI_Collision_Avoidance/build/catkin_tools_prebuild/CMakeFiles/CMakeTmp

Run Build Command:"/usr/bin/make" "cmTC_3cc0b/fast"
/usr/bin/make -f CMakeFiles/cmTC_3cc0b.dir/build.make CMakeFiles/cmTC_3cc0b.dir/build
make[1]: Entering directory '/home/ernest/Documents/Universita/Terzo_anno/LAB IAGI/Progetto_finale_LABIAGI/Progetto_LAB_IAGI_Collision_Avoidance/build/catkin_tools_prebuild/CMakeFiles/CMakeTmp'
Building C object CMakeFiles/cmTC_3cc0b.dir/CheckSymbolExists.c.o
/usr/bin/cc    -o CMakeFiles/cmTC_3cc0b.dir/CheckSymbolExists.c.o   -c "/home/ernest/Documents/Universita/Terzo_anno/LAB IAGI/Progetto_finale_LABIAGI/Progetto_LAB_IAGI_Collision_Avoidance/build/catkin_tools_prebuild/CMakeFiles/CMakeTmp/CheckSymbolExists.c"
Linking C executable cmTC_3cc0b
/usr/bin/cmake -E cmake_link_script CMakeFiles/cmTC_3cc0b.dir/link.txt --verbose=1
/usr/bin/cc      -rdynamic CMakeFiles/cmTC_3cc0b.dir/CheckSymbolExists.c.o  -o cmTC_3cc0b 
CMakeFiles/cmTC_3cc0b.dir/CheckSymbolExists.c.o: In function `main':
CheckSymbolExists.c:(.text+0x1b): undefined reference to `pthread_create'
collect2: error: ld returned 1 exit status
CMakeFiles/cmTC_3cc0b.dir/build.make:97: recipe for target 'cmTC_3cc0b' failed
make[1]: *** [cmTC_3cc0b] Error 1
make[1]: Leaving directory '/home/ernest/Documents/Universita/Terzo_anno/LAB IAGI/Progetto_finale_LABIAGI/Progetto_LAB_IAGI_Collision_Avoidance/build/catkin_tools_prebuild/CMakeFiles/CMakeTmp'
Makefile:126: recipe for target 'cmTC_3cc0b/fast' failed
make: *** [cmTC_3cc0b/fast] Error 2

File /home/ernest/Documents/Universita/Terzo_anno/LAB IAGI/Progetto_finale_LABIAGI/Progetto_LAB_IAGI_Collision_Avoidance/build/catkin_tools_prebuild/CMakeFiles/CMakeTmp/CheckSymbolExists.c:
/* */
#include <pthread.h>

int main(int argc, char** argv)
{
  (void)argv;
#ifndef pthread_create
  return ((int*)(&pthread_create))[argc];
#else
  (void)argc;
  return 0;
#endif
}

Determining if the function pthread_create exists in the pthreads failed with the following output:
Change Dir: /home/ernest/Documents/Universita/Terzo_anno/LAB IAGI/Progetto_finale_LABIAGI/Progetto_LAB_IAGI_Collision_Avoidance/build/catkin_tools_prebuild/CMakeFiles/CMakeTmp

Run Build Command:"/usr/bin/make" "cmTC_d2be8/fast"
/usr/bin/make -f CMakeFiles/cmTC_d2be8.dir/build.make CMakeFiles/cmTC_d2be8.dir/build
make[1]: Entering directory '/home/ernest/Documents/Universita/Terzo_anno/LAB IAGI/Progetto_finale_LABIAGI/Progetto_LAB_IAGI_Collision_Avoidance/build/catkin_tools_prebuild/CMakeFiles/CMakeTmp'
Building C object CMakeFiles/cmTC_d2be8.dir/CheckFunctionExists.c.o
/usr/bin/cc   -DCHECK_FUNCTION_EXISTS=pthread_create   -o CMakeFiles/cmTC_d2be8.dir/CheckFunctionExists.c.o   -c /usr/share/cmake-3.10/Modules/CheckFunctionExists.c
Linking C executable cmTC_d2be8
/usr/bin/cmake -E cmake_link_script CMakeFiles/cmTC_d2be8.dir/link.txt --verbose=1
/usr/bin/cc  -DCHECK_FUNCTION_EXISTS=pthread_create    -rdynamic CMakeFiles/cmTC_d2be8.dir/CheckFunctionExists.c.o  -o cmTC_d2be8 -lpthreads 
/usr/bin/ld: cannot find -lpthreads
collect2: error: ld returned 1 exit status
CMakeFiles/cmTC_d2be8.dir/build.make:97: recipe for target 'cmTC_d2be8' failed
make[1]: *** [cmTC_d2be8] Error 1
make[1]: Leaving directory '/home/ernest/Documents/Universita/Terzo_anno/LAB IAGI/Progetto_finale_LABIAGI/Progetto_LAB_IAGI_Collision_Avoidance/build/catkin_tools_prebuild/CMakeFiles/CMakeTmp'
Makefile:126: recipe for target 'cmTC_d2be8/fast' failed
make: *** [cmTC_d2be8/fast] Error 2


