[01m[K/home/ernest/Documents/Universita/Terzo_anno/LAB_IAGI/Progetto_finale_LABIAGI/Progetto_LAB_IAGI_Collision_Avoidance/src/collision_avoidance/src/controller_node.cpp:[m[K In function ‘[01m[Kint main(int, char**)[m[K’:
[01m[K/home/ernest/Documents/Universita/Terzo_anno/LAB_IAGI/Progetto_finale_LABIAGI/Progetto_LAB_IAGI_Collision_Avoidance/src/collision_avoidance/src/controller_node.cpp:109:3:[m[K [01;31m[Kerror: [m[K‘[01m[Kcout[m[K’ was not declared in this scope
   [01;31m[Kcout[m[K << asctime(localtime(&tempo)) << endl;
   [01;31m[K^~~~[m[K
[01m[K/home/ernest/Documents/Universita/Terzo_anno/LAB_IAGI/Progetto_finale_LABIAGI/Progetto_LAB_IAGI_Collision_Avoidance/src/collision_avoidance/src/controller_node.cpp:109:3:[m[K [01;36m[Knote: [m[Ksuggested alternative:
In file included from [01m[K/opt/ros/melodic/include/ros/time.h:54:0[m[K,
                 from [01m[K/opt/ros/melodic/include/ros/ros.h:38[m[K,
                 from [01m[K/home/ernest/Documents/Universita/Terzo_anno/LAB_IAGI/Progetto_finale_LABIAGI/Progetto_LAB_IAGI_Collision_Avoidance/src/collision_avoidance/src/controller_node.cpp:1[m[K:
[01m[K/usr/include/c++/7/iostream:61:18:[m[K [01;36m[Knote: [m[K  ‘[01m[Kstd::cout[m[K’
   extern ostream [01;36m[Kcout[m[K;  /// Linked to standard output
                  [01;36m[K^~~~[m[K
[01m[K/home/ernest/Documents/Universita/Terzo_anno/LAB_IAGI/Progetto_finale_LABIAGI/Progetto_LAB_IAGI_Collision_Avoidance/src/collision_avoidance/src/controller_node.cpp:109:41:[m[K [01;31m[Kerror: [m[K‘[01m[Kendl[m[K’ was not declared in this scope
   cout << asctime(localtime(&tempo)) << [01;31m[Kendl[m[K;
                                         [01;31m[K^~~~[m[K
[01m[K/home/ernest/Documents/Universita/Terzo_anno/LAB_IAGI/Progetto_finale_LABIAGI/Progetto_LAB_IAGI_Collision_Avoidance/src/collision_avoidance/src/controller_node.cpp:109:41:[m[K [01;36m[Knote: [m[Ksuggested alternative:
In file included from [01m[K/usr/include/c++/7/iostream:39:0[m[K,
                 from [01m[K/opt/ros/melodic/include/ros/time.h:54[m[K,
                 from [01m[K/opt/ros/melodic/include/ros/ros.h:38[m[K,
                 from [01m[K/home/ernest/Documents/Universita/Terzo_anno/LAB_IAGI/Progetto_finale_LABIAGI/Progetto_LAB_IAGI_Collision_Avoidance/src/collision_avoidance/src/controller_node.cpp:1[m[K:
[01m[K/usr/include/c++/7/ostream:590:5:[m[K [01;36m[Knote: [m[K  ‘[01m[Kstd::endl[m[K’
     [01;36m[Kendl[m[K(basic_ostream<_CharT, _Traits>& __os)
     [01;36m[K^~~~[m[K
make[2]: *** [CMakeFiles/controller_node.dir/src/controller_node.cpp.o] Error 1
make[1]: *** [CMakeFiles/controller_node.dir/all] Error 2
make: *** [all] Error 2
