[35m[1mScanning dependencies of target command_node[0m
[35m[1mScanning dependencies of target controller_node[0m
[  0%] Built target std_msgs_generate_messages_py
[  9%] [32mBuilding CXX object CMakeFiles/command_node.dir/src/command_node.cpp.o[0m
[ 18%] [32mBuilding CXX object CMakeFiles/controller_node.dir/src/controller_node.cpp.o[0m
[ 18%] Built target _collision_avoidance_generate_messages_check_deps_Istruzione
[ 18%] Built target std_msgs_generate_messages_eus
[ 18%] Built target std_msgs_generate_messages_lisp
[ 18%] Built target std_msgs_generate_messages_cpp
[ 18%] Built target std_msgs_generate_messages_nodejs
[ 36%] Built target collision_avoidance_generate_messages_py
[ 54%] Built target collision_avoidance_generate_messages_eus
[ 63%] Built target collision_avoidance_generate_messages_lisp
[ 72%] Built target collision_avoidance_generate_messages_cpp
[ 81%] Built target collision_avoidance_generate_messages_nodejs
[ 81%] Built target collision_avoidance_generate_messages
[ 90%] [32m[1mLinking CXX executable /home/ernest/Documents/Universita/Terzo_anno/LAB_IAGI/Progetto_finale_LABIAGI/Progetto_LAB_IAGI_Collision_Avoidance/devel/.private/collision_avoidance/lib/collision_avoidance/command_node[0m
[ 90%] Built target command_node
[100%] [32m[1mLinking CXX executable /home/ernest/Documents/Universita/Terzo_anno/LAB_IAGI/Progetto_finale_LABIAGI/Progetto_LAB_IAGI_Collision_Avoidance/devel/.private/collision_avoidance/lib/collision_avoidance/controller_node[0m
[100%] Built target controller_node
