[35m[1mScanning dependencies of target controller_node[0m
[ 18%] Built target command_node
[ 27%] [32mBuilding CXX object CMakeFiles/controller_node.dir/src/controller_node.cpp.o[0m
[ 27%] Built target std_msgs_generate_messages_py
[ 27%] Built target std_msgs_generate_messages_eus
[ 27%] Built target _collision_avoidance_generate_messages_check_deps_Istruzione
[ 27%] Built target std_msgs_generate_messages_lisp
[ 27%] Built target std_msgs_generate_messages_cpp
[ 27%] Built target std_msgs_generate_messages_nodejs
[ 36%] [34m[1mGenerating EusLisp code from collision_avoidance/Istruzione.msg[0m
[ 45%] [34m[1mGenerating Python from MSG collision_avoidance/Istruzione[0m
[ 54%] [34m[1mGenerating Lisp code from collision_avoidance/Istruzione.msg[0m
[ 54%] Built target collision_avoidance_generate_messages_lisp
[ 63%] Built target collision_avoidance_generate_messages_eus
[ 72%] [34m[1mGenerating C++ code from collision_avoidance/Istruzione.msg[0m
[ 81%] [34m[1mGenerating Javascript code from collision_avoidance/Istruzione.msg[0m
[ 90%] [34m[1mGenerating Python msg __init__.py for collision_avoidance[0m
[ 90%] Built target collision_avoidance_generate_messages_nodejs
[ 90%] Built target collision_avoidance_generate_messages_py
[ 90%] Built target collision_avoidance_generate_messages_cpp
[ 90%] Built target collision_avoidance_generate_messages
[100%] [32m[1mLinking CXX executable /home/ernest/Documents/Universita/Terzo_anno/LAB_IAGI/Progetto_finale_LABIAGI/Progetto_LAB_IAGI_Collision_Avoidance/devel/.private/collision_avoidance/lib/collision_avoidance/controller_node[0m
[100%] Built target controller_node
