[35m[1mScanning dependencies of target std_msgs_generate_messages_eus[0m
[35m[1mScanning dependencies of target _collision_avoidance_generate_messages_check_deps_Istruzione[0m
[35m[1mScanning dependencies of target controller_node[0m
[35m[1mScanning dependencies of target std_msgs_generate_messages_py[0m
[  0%] Built target std_msgs_generate_messages_py
[  0%] Built target std_msgs_generate_messages_eus
[ 11%] [32mBuilding CXX object CMakeFiles/controller_node.dir/src/controller_node.cpp.o[0m
[35m[1mScanning dependencies of target std_msgs_generate_messages_lisp[0m
[35m[1mScanning dependencies of target std_msgs_generate_messages_cpp[0m
[ 11%] Built target std_msgs_generate_messages_lisp
[ 11%] Built target std_msgs_generate_messages_cpp
[ 11%] Built target _collision_avoidance_generate_messages_check_deps_Istruzione
[35m[1mScanning dependencies of target std_msgs_generate_messages_nodejs[0m
[35m[1mScanning dependencies of target collision_avoidance_generate_messages_py[0m
[35m[1mScanning dependencies of target collision_avoidance_generate_messages_eus[0m
[ 11%] Built target std_msgs_generate_messages_nodejs
[ 22%] [34m[1mGenerating Python from MSG collision_avoidance/Istruzione[0m
[ 33%] [34m[1mGenerating EusLisp code from collision_avoidance/Istruzione.msg[0m
[35m[1mScanning dependencies of target collision_avoidance_generate_messages_lisp[0m
[ 44%] [34m[1mGenerating Lisp code from collision_avoidance/Istruzione.msg[0m
[ 44%] Built target collision_avoidance_generate_messages_lisp
[ 55%] [34m[1mGenerating EusLisp manifest code for collision_avoidance[0m
[35m[1mScanning dependencies of target collision_avoidance_generate_messages_cpp[0m
[ 66%] [34m[1mGenerating Python msg __init__.py for collision_avoidance[0m
[ 77%] [34m[1mGenerating C++ code from collision_avoidance/Istruzione.msg[0m
[ 77%] Built target collision_avoidance_generate_messages_py
[35m[1mScanning dependencies of target collision_avoidance_generate_messages_nodejs[0m
[ 88%] [34m[1mGenerating Javascript code from collision_avoidance/Istruzione.msg[0m
[ 88%] Built target collision_avoidance_generate_messages_nodejs
[ 88%] Built target collision_avoidance_generate_messages_cpp
[ 88%] Built target collision_avoidance_generate_messages_eus
[35m[1mScanning dependencies of target collision_avoidance_generate_messages[0m
[ 88%] Built target collision_avoidance_generate_messages
[100%] [32m[1mLinking CXX executable "/home/ernest/Documents/Universita/Terzo_anno/LAB IAGI/Progetto_finale_LABIAGI/Progetto_LAB_IAGI_Collision_Avoidance/devel/.private/collision_avoidance/lib/collision_avoidance/controller_node"[0m
[100%] Built target controller_node
