[35m[1mScanning dependencies of target command_node[0m
[35m[1mScanning dependencies of target controller_node[0m
[  0%] Built target std_msgs_generate_messages_py
[  9%] [32mBuilding CXX object CMakeFiles/controller_node.dir/src/controller_node.cpp.o[0m
[ 18%] [32mBuilding CXX object CMakeFiles/command_node.dir/src/command_node.cpp.o[0m
[ 18%] Built target std_msgs_generate_messages_eus
[ 18%] Built target _collision_avoidance_generate_messages_check_deps_Istruzione
[ 18%] Built target std_msgs_generate_messages_cpp
[ 18%] Built target std_msgs_generate_messages_lisp
[ 18%] Built target std_msgs_generate_messages_nodejs
[ 27%] [34m[1mGenerating Python from MSG collision_avoidance/Istruzione[0m
[ 36%] [34m[1mGenerating EusLisp code from collision_avoidance/Istruzione.msg[0m
[ 45%] Built target collision_avoidance_generate_messages_eus
[ 54%] [34m[1mGenerating Python msg __init__.py for collision_avoidance[0m
[ 63%] [34m[1mGenerating Lisp code from collision_avoidance/Istruzione.msg[0m
[ 63%] Built target collision_avoidance_generate_messages_lisp
[ 72%] [34m[1mGenerating C++ code from collision_avoidance/Istruzione.msg[0m
[ 72%] Built target collision_avoidance_generate_messages_py
[ 81%] [34m[1mGenerating Javascript code from collision_avoidance/Istruzione.msg[0m
[ 81%] Built target collision_avoidance_generate_messages_nodejs
[ 81%] Built target collision_avoidance_generate_messages_cpp
[ 81%] Built target collision_avoidance_generate_messages
[01m[K/home/ernest/Documents/Universita/Terzo_anno/LAB_IAGI/Progetto_finale_LABIAGI/Progetto_LAB_IAGI_Collision_Avoidance/src/collision_avoidance/src/command_node.cpp:[m[K In function ‘[01m[Kint main(int, char**)[m[K’:
[01m[K/home/ernest/Documents/Universita/Terzo_anno/LAB_IAGI/Progetto_finale_LABIAGI/Progetto_LAB_IAGI_Collision_Avoidance/src/collision_avoidance/src/command_node.cpp:19:2:[m[K [01;31m[Kerror: [m[K‘[01m[Kstring[m[K’ was not declared in this scope
  [01;31m[Kstring[m[K nome_utente;
  [01;31m[K^~~~~~[m[K
[01m[K/home/ernest/Documents/Universita/Terzo_anno/LAB_IAGI/Progetto_finale_LABIAGI/Progetto_LAB_IAGI_Collision_Avoidance/src/collision_avoidance/src/command_node.cpp:19:2:[m[K [01;36m[Knote: [m[Ksuggested alternatives:
In file included from [01m[K/usr/include/c++/7/string:39:0[m[K,
                 from [01m[K/opt/ros/melodic/include/ros/platform.h:38[m[K,
                 from [01m[K/opt/ros/melodic/include/ros/time.h:53[m[K,
                 from [01m[K/opt/ros/melodic/include/ros/ros.h:38[m[K,
                 from [01m[K/home/ernest/Documents/Universita/Terzo_anno/LAB_IAGI/Progetto_finale_LABIAGI/Progetto_LAB_IAGI_Collision_Avoidance/src/collision_avoidance/src/command_node.cpp:1[m[K:
[01m[K/usr/include/c++/7/bits/stringfwd.h:74:33:[m[K [01;36m[Knote: [m[K  ‘[01m[Kstd::__cxx11::string[m[K’
   typedef basic_string<char>    [01;36m[Kstring[m[K;
                                 [01;36m[K^~~~~~[m[K
[01m[K/usr/include/c++/7/bits/stringfwd.h:74:33:[m[K [01;36m[Knote: [m[K  ‘[01m[Kstd::__cxx11::string[m[K’
In file included from [01m[K/usr/include/boost/lexical_cast/detail/converter_lexical.hpp:52:0[m[K,
                 from [01m[K/usr/include/boost/lexical_cast/try_lexical_convert.hpp:42[m[K,
                 from [01m[K/usr/include/boost/lexical_cast.hpp:32[m[K,
                 from [01m[K/opt/ros/melodic/include/ros/transport_hints.h:34[m[K,
                 from [01m[K/opt/ros/melodic/include/ros/subscribe_options.h:33[m[K,
                 from [01m[K/opt/ros/melodic/include/ros/node_handle.h:42[m[K,
                 from [01m[K/opt/ros/melodic/include/ros/ros.h:45[m[K,
                 from [01m[K/home/ernest/Documents/Universita/Terzo_anno/LAB_IAGI/Progetto_finale_LABIAGI/Progetto_LAB_IAGI_Collision_Avoidance/src/collision_avoidance/src/command_node.cpp:1[m[K:
[01m[K/usr/include/boost/container/container_fwd.hpp:195:1:[m[K [01;36m[Knote: [m[K  ‘[01m[Kboost::container::string[m[K’
 [01;36m[Kstring[m[K;
 [01;36m[K^~~~~~[m[K
[01m[K/home/ernest/Documents/Universita/Terzo_anno/LAB_IAGI/Progetto_finale_LABIAGI/Progetto_LAB_IAGI_Collision_Avoidance/src/collision_avoidance/src/command_node.cpp:39:16:[m[K [01;31m[Kerror: [m[K‘[01m[Knome_utente[m[K’ was not declared in this scope
    scanf("%s",&[01;31m[Knome_utente[m[K);
                [01;31m[K^~~~~~~~~~~[m[K
[01m[K/home/ernest/Documents/Universita/Terzo_anno/LAB_IAGI/Progetto_finale_LABIAGI/Progetto_LAB_IAGI_Collision_Avoidance/src/collision_avoidance/src/command_node.cpp:65:25:[m[K [01;31m[Kerror: [m[K‘[01m[Knome_utente[m[K’ was not declared in this scope
   messaggio.nome_utente=[01;31m[Knome_utente[m[K;
                         [01;31m[K^~~~~~~~~~~[m[K
CMakeFiles/command_node.dir/build.make:62: recipe for target 'CMakeFiles/command_node.dir/src/command_node.cpp.o' failed
make[2]: *** [CMakeFiles/command_node.dir/src/command_node.cpp.o] Error 1
CMakeFiles/Makefile2:67: recipe for target 'CMakeFiles/command_node.dir/all' failed
make[1]: *** [CMakeFiles/command_node.dir/all] Error 2
make[1]: *** Waiting for unfinished jobs....
[ 90%] [32m[1mLinking CXX executable /home/ernest/Documents/Universita/Terzo_anno/LAB_IAGI/Progetto_finale_LABIAGI/Progetto_LAB_IAGI_Collision_Avoidance/devel/.private/collision_avoidance/lib/collision_avoidance/controller_node[0m
[ 90%] Built target controller_node
Makefile:140: recipe for target 'all' failed
make: *** [all] Error 2
