Symlinking /home/ernest/Documents/Universita/Terzo_anno/LAB_IAGI/Progetto_finale_LABIAGI/Progetto_LAB_IAGI_Collision_Avoidance/devel/lib/collision_avoidance/command_node
Symlinking /home/ernest/Documents/Universita/Terzo_anno/LAB_IAGI/Progetto_finale_LABIAGI/Progetto_LAB_IAGI_Collision_Avoidance/devel/lib/collision_avoidance/controller_node
Symlinking /home/ernest/Documents/Universita/Terzo_anno/LAB_IAGI/Progetto_finale_LABIAGI/Progetto_LAB_IAGI_Collision_Avoidance/devel/lib/python2.7/dist-packages/collision_avoidance/__init__.py
Symlinking /home/ernest/Documents/Universita/Terzo_anno/LAB_IAGI/Progetto_finale_LABIAGI/Progetto_LAB_IAGI_Collision_Avoidance/devel/lib/python2.7/dist-packages/collision_avoidance/msg/__init__.py
Symlinking /home/ernest/Documents/Universita/Terzo_anno/LAB_IAGI/Progetto_finale_LABIAGI/Progetto_LAB_IAGI_Collision_Avoidance/devel/lib/python2.7/dist-packages/collision_avoidance/msg/_Istruzione.py
Linked: (/home/ernest/Documents/Universita/Terzo_anno/LAB_IAGI/Progetto_finale_LABIAGI/Progetto_LAB_IAGI_Collision_Avoidance/devel/.private/collision_avoidance/lib/pkgconfig/collision_avoidance.pc, /home/ernest/Documents/Universita/Terzo_anno/LAB_IAGI/Progetto_finale_LABIAGI/Progetto_LAB_IAGI_Collision_Avoidance/devel/lib/pkgconfig/collision_avoidance.pc)
Symlinking /home/ernest/Documents/Universita/Terzo_anno/LAB_IAGI/Progetto_finale_LABIAGI/Progetto_LAB_IAGI_Collision_Avoidance/devel/include/collision_avoidance/Istruzione.h
Symlinking /home/ernest/Documents/Universita/Terzo_anno/LAB_IAGI/Progetto_finale_LABIAGI/Progetto_LAB_IAGI_Collision_Avoidance/devel/share/collision_avoidance/cmake/collision_avoidance-msg-paths.cmake
Linked: (/home/ernest/Documents/Universita/Terzo_anno/LAB_IAGI/Progetto_finale_LABIAGI/Progetto_LAB_IAGI_Collision_Avoidance/devel/.private/collision_avoidance/share/collision_avoidance/cmake/collision_avoidanceConfig-version.cmake, /home/ernest/Documents/Universita/Terzo_anno/LAB_IAGI/Progetto_finale_LABIAGI/Progetto_LAB_IAGI_Collision_Avoidance/devel/share/collision_avoidance/cmake/collision_avoidanceConfig-version.cmake)
Symlinking /home/ernest/Documents/Universita/Terzo_anno/LAB_IAGI/Progetto_finale_LABIAGI/Progetto_LAB_IAGI_Collision_Avoidance/devel/share/collision_avoidance/cmake/collision_avoidance-msg-extras.cmake
Linked: (/home/ernest/Documents/Universita/Terzo_anno/LAB_IAGI/Progetto_finale_LABIAGI/Progetto_LAB_IAGI_Collision_Avoidance/devel/.private/collision_avoidance/share/collision_avoidance/cmake/collision_avoidanceConfig.cmake, /home/ernest/Documents/Universita/Terzo_anno/LAB_IAGI/Progetto_finale_LABIAGI/Progetto_LAB_IAGI_Collision_Avoidance/devel/share/collision_avoidance/cmake/collision_avoidanceConfig.cmake)
Symlinking /home/ernest/Documents/Universita/Terzo_anno/LAB_IAGI/Progetto_finale_LABIAGI/Progetto_LAB_IAGI_Collision_Avoidance/devel/share/gennodejs/ros/collision_avoidance/_index.js
Symlinking /home/ernest/Documents/Universita/Terzo_anno/LAB_IAGI/Progetto_finale_LABIAGI/Progetto_LAB_IAGI_Collision_Avoidance/devel/share/gennodejs/ros/collision_avoidance/msg/_index.js
Symlinking /home/ernest/Documents/Universita/Terzo_anno/LAB_IAGI/Progetto_finale_LABIAGI/Progetto_LAB_IAGI_Collision_Avoidance/devel/share/gennodejs/ros/collision_avoidance/msg/Istruzione.js
Symlinking /home/ernest/Documents/Universita/Terzo_anno/LAB_IAGI/Progetto_finale_LABIAGI/Progetto_LAB_IAGI_Collision_Avoidance/devel/share/roseus/ros/collision_avoidance/manifest.l
Symlinking /home/ernest/Documents/Universita/Terzo_anno/LAB_IAGI/Progetto_finale_LABIAGI/Progetto_LAB_IAGI_Collision_Avoidance/devel/share/roseus/ros/collision_avoidance/msg/Istruzione.l
Symlinking /home/ernest/Documents/Universita/Terzo_anno/LAB_IAGI/Progetto_finale_LABIAGI/Progetto_LAB_IAGI_Collision_Avoidance/devel/share/common-lisp/ros/collision_avoidance/msg/collision_avoidance-msg.asd
Symlinking /home/ernest/Documents/Universita/Terzo_anno/LAB_IAGI/Progetto_finale_LABIAGI/Progetto_LAB_IAGI_Collision_Avoidance/devel/share/common-lisp/ros/collision_avoidance/msg/Istruzione.lisp
Symlinking /home/ernest/Documents/Universita/Terzo_anno/LAB_IAGI/Progetto_finale_LABIAGI/Progetto_LAB_IAGI_Collision_Avoidance/devel/share/common-lisp/ros/collision_avoidance/msg/_package_Istruzione.lisp
Symlinking /home/ernest/Documents/Universita/Terzo_anno/LAB_IAGI/Progetto_finale_LABIAGI/Progetto_LAB_IAGI_Collision_Avoidance/devel/share/common-lisp/ros/collision_avoidance/msg/_package.lisp
