[01m[K/home/ernest/Documents/Universita/Terzo_anno/LAB_IAGI/Progetto_finale_LABIAGI/Progetto_LAB_IAGI_Collision_Avoidance/src/collision_avoidance/src/controller_node.cpp:[m[K In function ‘[01m[Kint main(int, char**)[m[K’:
[01m[K/home/ernest/Documents/Universita/Terzo_anno/LAB_IAGI/Progetto_finale_LABIAGI/Progetto_LAB_IAGI_Collision_Avoidance/src/collision_avoidance/src/controller_node.cpp:202:4:[m[K [01;31m[Kerror: [m[Kexpected ‘[01m[K}[m[K’ before ‘[01m[Kelse[m[K’
    [01;31m[Kelse[m[K if( valore_min <  WARNING_FRONT_PARAM )
    [01;31m[K^~~~[m[K
[01m[K/home/ernest/Documents/Universita/Terzo_anno/LAB_IAGI/Progetto_finale_LABIAGI/Progetto_LAB_IAGI_Collision_Avoidance/src/collision_avoidance/src/controller_node.cpp:202:13:[m[K [01;31m[Kerror: [m[K‘[01m[Kvalore_min[m[K’ was not declared in this scope
    else if( [01;31m[Kvalore_min[m[K <  WARNING_FRONT_PARAM )
             [01;31m[K^~~~~~~~~~[m[K
[01m[K/home/ernest/Documents/Universita/Terzo_anno/LAB_IAGI/Progetto_finale_LABIAGI/Progetto_LAB_IAGI_Collision_Avoidance/src/collision_avoidance/src/controller_node.cpp:204:5:[m[K [01;31m[Kerror: [m[K‘[01m[Kk_l_imposta[m[K’ was not declared in this scope
     [01;31m[Kk_l_imposta[m[K = valore_min / WARNING_FRONT_PARAM;     // Piu vicino l'ostacolo minore il coefficiente
     [01;31m[K^~~~~~~~~~~[m[K
[01m[K/home/ernest/Documents/Universita/Terzo_anno/LAB_IAGI/Progetto_finale_LABIAGI/Progetto_LAB_IAGI_Collision_Avoidance/src/collision_avoidance/src/controller_node.cpp:207:4:[m[K [01;31m[Kerror: [m[K‘[01m[Kk_l_imposta[m[K’ was not declared in this scope
    [01;31m[Kk_l_imposta[m[K = pow(k_l_imposta,2);
    [01;31m[K^~~~~~~~~~~[m[K
[01m[K/home/ernest/Documents/Universita/Terzo_anno/LAB_IAGI/Progetto_finale_LABIAGI/Progetto_LAB_IAGI_Collision_Avoidance/src/collision_avoidance/src/controller_node.cpp:[m[K At global scope:
[01m[K/home/ernest/Documents/Universita/Terzo_anno/LAB_IAGI/Progetto_finale_LABIAGI/Progetto_LAB_IAGI_Collision_Avoidance/src/collision_avoidance/src/controller_node.cpp:225:2:[m[K [01;31m[Kerror: [m[Kexpected unqualified-id before ‘[01m[Kreturn[m[K’
  [01;31m[Kreturn[m[K 0;
  [01;31m[K^~~~~~[m[K
[01m[K/home/ernest/Documents/Universita/Terzo_anno/LAB_IAGI/Progetto_finale_LABIAGI/Progetto_LAB_IAGI_Collision_Avoidance/src/collision_avoidance/src/controller_node.cpp:226:1:[m[K [01;31m[Kerror: [m[Kexpected declaration before ‘[01m[K}[m[K’ token
 [01;31m[K}[m[K
 [01;31m[K^[m[K
make[2]: *** [CMakeFiles/controller_node.dir/src/controller_node.cpp.o] Error 1
make[1]: *** [CMakeFiles/controller_node.dir/all] Error 2
make: *** [all] Error 2
