[36m--[0m Using CATKIN_DEVEL_PREFIX: /home/ernest/Documents/Universita/Terzo_anno/LAB IAGI/Progetto_finale_LABIAGI/Progetto_LAB_IAGI_Collision_Avoidance/devel/.private/collision_avoidance
[36m--[0m Using CMAKE_PREFIX_PATH: /home/ernest/Documents/Universita/Terzo_anno/LAB IAGI/Progetto_finale_LABIAGI/Progetto_LAB_IAGI_Collision_Avoidance/devel;/home/ernest/catkin_ws/devel;/opt/ros/melodic
[36m--[0m This workspace overlays: /home/ernest/Documents/Universita/Terzo_anno/LAB IAGI/Progetto_finale_LABIAGI/Progetto_LAB_IAGI_Collision_Avoidance/devel;/home/ernest/catkin_ws/devel;/opt/ros/melodic
[36m--[0m Found PythonInterp: /usr/bin/python2 (found suitable version "2.7.17", minimum required is "2")
[36m--[0m Using PYTHON_EXECUTABLE: /usr/bin/python2
[36m--[0m Using Debian Python package layout
[36m--[0m Using empy: /usr/bin/empy
[36m--[0m Using CATKIN_ENABLE_TESTING: ON
[36m--[0m Call enable_testing()
[36m--[0m Using CATKIN_TEST_RESULTS_DIR: /home/ernest/Documents/Universita/Terzo_anno/LAB IAGI/Progetto_finale_LABIAGI/Progetto_LAB_IAGI_Collision_Avoidance/build/collision_avoidance/test_results
[36m--[0m Found gtest sources under '/usr/src/googletest': gtests will be built
[36m--[0m Found gmock sources under '/usr/src/googletest': gmock will be built
[36m--[0m Found PythonInterp: /usr/bin/python2 (found version "2.7.17")
[36m--[0m Using Python nosetests: /usr/bin/nosetests-2.7
[36m--[0m catkin 0.7.29
[36m--[0m BUILD_SHARED_LIBS is on
[36m--[0m Using these message generators: gencpp;geneus;genlisp;gennodejs;genpy
[31m[1mCMake Error[0m at /home/ernest/Documents/Universita/Terzo_anno/LAB IAGI/Progetto_finale_LABIAGI/Progetto_LAB_IAGI_Collision_Avoidance/src/collision_avoidance/CMakeLists.txt:218 (rosbuild_add_executable):
  Unknown CMake command "rosbuild_add_executable".


[36m--[0m Configuring incomplete, errors occurred!
See also "/home/ernest/Documents/Universita/Terzo_anno/LAB IAGI/Progetto_finale_LABIAGI/Progetto_LAB_IAGI_Collision_Avoidance/build/collision_avoidance/CMakeFiles/CMakeOutput.log".
See also "/home/ernest/Documents/Universita/Terzo_anno/LAB IAGI/Progetto_finale_LABIAGI/Progetto_LAB_IAGI_Collision_Avoidance/build/collision_avoidance/CMakeFiles/CMakeError.log".
Makefile:810: recipe for target 'cmake_check_build_system' failed
make: *** [cmake_check_build_system] Error 1
