Determining if the pthread_create exist failed with the following output:
Change Dir: /home/ernest/Documents/Universita/Terzo_anno/LAB IAGI/Progetto_finale_LABIAGI/Progetto_LAB_IAGI_Collision_Avoidance/build/collision_avoidance/CMakeFiles/CMakeTmp

Run Build Command:"/usr/bin/make" "cmTC_50685/fast"
/usr/bin/make -f CMakeFiles/cmTC_50685.dir/build.make CMakeFiles/cmTC_50685.dir/build
make[1]: Entering directory '/home/ernest/Documents/Universita/Terzo_anno/LAB IAGI/Progetto_finale_LABIAGI/Progetto_LAB_IAGI_Collision_Avoidance/build/collision_avoidance/CMakeFiles/CMakeTmp'
Building C object CMakeFiles/cmTC_50685.dir/CheckSymbolExists.c.o
/usr/bin/cc    -o CMakeFiles/cmTC_50685.dir/CheckSymbolExists.c.o   -c "/home/ernest/Documents/Universita/Terzo_anno/LAB IAGI/Progetto_finale_LABIAGI/Progetto_LAB_IAGI_Collision_Avoidance/build/collision_avoidance/CMakeFiles/CMakeTmp/CheckSymbolExists.c"
Linking C executable cmTC_50685
/usr/bin/cmake -E cmake_link_script CMakeFiles/cmTC_50685.dir/link.txt --verbose=1
/usr/bin/cc      -rdynamic CMakeFiles/cmTC_50685.dir/CheckSymbolExists.c.o  -o cmTC_50685 
CMakeFiles/cmTC_50685.dir/CheckSymbolExists.c.o: In function `main':
CheckSymbolExists.c:(.text+0x1b): undefined reference to `pthread_create'
collect2: error: ld returned 1 exit status
CMakeFiles/cmTC_50685.dir/build.make:97: recipe for target 'cmTC_50685' failed
make[1]: *** [cmTC_50685] Error 1
make[1]: Leaving directory '/home/ernest/Documents/Universita/Terzo_anno/LAB IAGI/Progetto_finale_LABIAGI/Progetto_LAB_IAGI_Collision_Avoidance/build/collision_avoidance/CMakeFiles/CMakeTmp'
Makefile:126: recipe for target 'cmTC_50685/fast' failed
make: *** [cmTC_50685/fast] Error 2

File /home/ernest/Documents/Universita/Terzo_anno/LAB IAGI/Progetto_finale_LABIAGI/Progetto_LAB_IAGI_Collision_Avoidance/build/collision_avoidance/CMakeFiles/CMakeTmp/CheckSymbolExists.c:
/* */
#include <pthread.h>

int main(int argc, char** argv)
{
  (void)argv;
#ifndef pthread_create
  return ((int*)(&pthread_create))[argc];
#else
  (void)argc;
  return 0;
#endif
}

Determining if the function pthread_create exists in the pthreads failed with the following output:
Change Dir: /home/ernest/Documents/Universita/Terzo_anno/LAB IAGI/Progetto_finale_LABIAGI/Progetto_LAB_IAGI_Collision_Avoidance/build/collision_avoidance/CMakeFiles/CMakeTmp

Run Build Command:"/usr/bin/make" "cmTC_3ae29/fast"
/usr/bin/make -f CMakeFiles/cmTC_3ae29.dir/build.make CMakeFiles/cmTC_3ae29.dir/build
make[1]: Entering directory '/home/ernest/Documents/Universita/Terzo_anno/LAB IAGI/Progetto_finale_LABIAGI/Progetto_LAB_IAGI_Collision_Avoidance/build/collision_avoidance/CMakeFiles/CMakeTmp'
Building C object CMakeFiles/cmTC_3ae29.dir/CheckFunctionExists.c.o
/usr/bin/cc   -DCHECK_FUNCTION_EXISTS=pthread_create   -o CMakeFiles/cmTC_3ae29.dir/CheckFunctionExists.c.o   -c /usr/share/cmake-3.10/Modules/CheckFunctionExists.c
Linking C executable cmTC_3ae29
/usr/bin/cmake -E cmake_link_script CMakeFiles/cmTC_3ae29.dir/link.txt --verbose=1
/usr/bin/cc  -DCHECK_FUNCTION_EXISTS=pthread_create    -rdynamic CMakeFiles/cmTC_3ae29.dir/CheckFunctionExists.c.o  -o cmTC_3ae29 -lpthreads 
/usr/bin/ld: cannot find -lpthreads
collect2: error: ld returned 1 exit status
CMakeFiles/cmTC_3ae29.dir/build.make:97: recipe for target 'cmTC_3ae29' failed
make[1]: *** [cmTC_3ae29] Error 1
make[1]: Leaving directory '/home/ernest/Documents/Universita/Terzo_anno/LAB IAGI/Progetto_finale_LABIAGI/Progetto_LAB_IAGI_Collision_Avoidance/build/collision_avoidance/CMakeFiles/CMakeTmp'
Makefile:126: recipe for target 'cmTC_3ae29/fast' failed
make: *** [cmTC_3ae29/fast] Error 2


